<html>
<head>
<title>TestNG:  Medopract</title>
<link href="../testng.css" rel="stylesheet" type="text/css" />
<link href="../my-testng.css" rel="stylesheet" type="text/css" />

<style type="text/css">
.log { display: none;} 
.stack-trace { display: none;} 
</style>
<script type="text/javascript">
<!--
function flip(e) {
  current = e.style.display;
  if (current == 'block') {
    e.style.display = 'none';
    return 0;
  }
  else {
    e.style.display = 'block';
    return 1;
  }
}

function toggleBox(szDivId, elem, msg1, msg2)
{
  var res = -1;  if (document.getElementById) {
    res = flip(document.getElementById(szDivId));
  }
  else if (document.all) {
    // this is the way old msie versions work
    res = flip(document.all[szDivId]);
  }
  if(elem) {
    if(res == 0) elem.innerHTML = msg1; else elem.innerHTML = msg2;
  }

}

function toggleAllBoxes() {
  if (document.getElementsByTagName) {
    d = document.getElementsByTagName('div');
    for (i = 0; i < d.length; i++) {
      if (d[i].className == 'log') {
        flip(d[i]);
      }
    }
  }
}

// -->
</script>

</head>
<body>
<h2 align='center'>Medopract</h2><table border='1' align="center">
<tr>
<td>Tests passed/Failed/Skipped:</td><td>90/4/0</td>
</tr><tr>
<td>Started on:</td><td>Tue Sep 05 16:10:48 IST 2023</td>
</tr>
<tr><td>Total time:</td><td>1059 seconds (1059068 ms)</td>
</tr><tr>
<td>Included groups:</td><td></td>
</tr><tr>
<td>Excluded groups:</td><td></td>
</tr>
</table><p/>
<small><i>(Hover the method name to see the test class name)</i></small><p/>
<table width='100%' border='1' class='invocation-failed'>
<tr><td colspan='4' align='center'><b>FAILED TESTS</b></td></tr>
<tr><td><b>Test method</b></td>
<td><b>Attribute(s)</b></td>
<td width="30%"><b>Exception</b></td>
<td width="10%"><b>Time (seconds)</b></td>
<td><b>Instance</b></td>
</tr>
<tr>
<td title='tests.RegistrationTest.withoutAgreeTermCheckBox()'><b>withoutAgreeTermCheckBox</b><br>Test class: tests.RegistrationTest</td>
<td><div><pre>java.lang.NullPointerException: Cannot invoke &quot;org.openqa.selenium.WebElement.getText()&quot; because the return value of &quot;genericPages.CommonMethod.getWebElement(String)&quot; is null
	at genericPages.CommonMethod.verifyElementPresent(CommonMethod.java:304)
	at pages.RegistrationPage.AgreeTermsErrorMsg(RegistrationPage.java:67)
	at tests.RegistrationTest.withoutAgreeTermCheckBox(RegistrationTest.java:131)
	at java.base/java.util.ArrayList.forEach(ArrayList.java:1511)
... Removed 25 stack frames</pre></div><a href='#' onClick='toggleBox("stack-trace43555905", this, "Click to show all stack frames", "Click to hide stack frames")'>Click to show all stack frames</a>
<div class='stack-trace' id='stack-trace43555905'><pre>java.lang.NullPointerException: Cannot invoke &quot;org.openqa.selenium.WebElement.getText()&quot; because the return value of &quot;genericPages.CommonMethod.getWebElement(String)&quot; is null
	at genericPages.CommonMethod.verifyElementPresent(CommonMethod.java:304)
	at pages.RegistrationPage.AgreeTermsErrorMsg(RegistrationPage.java:67)
	at tests.RegistrationTest.withoutAgreeTermCheckBox(RegistrationTest.java:131)
	at java.base/jdk.internal.reflect.DirectMethodHandleAccessor.invoke(DirectMethodHandleAccessor.java:104)
	at java.base/java.lang.reflect.Method.invoke(Method.java:578)
	at org.testng.internal.invokers.MethodInvocationHelper.invokeMethod(MethodInvocationHelper.java:139)
	at org.testng.internal.invokers.TestInvoker.invokeMethod(TestInvoker.java:664)
	at org.testng.internal.invokers.TestInvoker.invokeTestMethod(TestInvoker.java:227)
	at org.testng.internal.invokers.MethodRunner.runInSequence(MethodRunner.java:50)
	at org.testng.internal.invokers.TestInvoker$MethodInvocationAgent.invoke(TestInvoker.java:957)
	at org.testng.internal.invokers.TestInvoker.invokeTestMethods(TestInvoker.java:200)
	at org.testng.internal.invokers.TestMethodWorker.invokeTestMethods(TestMethodWorker.java:148)
	at org.testng.internal.invokers.TestMethodWorker.run(TestMethodWorker.java:128)
	at java.base/java.util.ArrayList.forEach(ArrayList.java:1511)
	at org.testng.TestRunner.privateRun(TestRunner.java:848)
	at org.testng.TestRunner.run(TestRunner.java:621)
	at org.testng.SuiteRunner.runTest(SuiteRunner.java:443)
	at org.testng.SuiteRunner.runSequentially(SuiteRunner.java:437)
	at org.testng.SuiteRunner.privateRun(SuiteRunner.java:397)
	at org.testng.SuiteRunner.run(SuiteRunner.java:336)
	at org.testng.SuiteRunnerWorker.runSuite(SuiteRunnerWorker.java:52)
	at org.testng.SuiteRunnerWorker.run(SuiteRunnerWorker.java:95)
	at org.testng.TestNG.runSuitesSequentially(TestNG.java:1280)
	at org.testng.TestNG.runSuitesLocally(TestNG.java:1200)
	at org.testng.TestNG.runSuites(TestNG.java:1114)
	at org.testng.TestNG.run(TestNG.java:1082)
	at org.testng.remote.AbstractRemoteTestNG.run(AbstractRemoteTestNG.java:115)
	at org.testng.remote.RemoteTestNG.initAndRun(RemoteTestNG.java:251)
	at org.testng.remote.RemoteTestNG.main(RemoteTestNG.java:77)
</pre></div></td>
<td>21</td>
<td>tests.RegistrationTest@24c1b2d2</td></tr>
<tr>
<td title='tests.ViewPrescriptionTest.viewPrescription()'><b>viewPrescription</b><br>Test class: tests.ViewPrescriptionTest</td>
<td><div><pre>java.lang.AssertionError: expected [true] but found [false]
	at tests.ViewPrescriptionTest.viewPrescription(ViewPrescriptionTest.java:95)
	at java.base/java.util.ArrayList.forEach(ArrayList.java:1511)
... Removed 29 stack frames</pre></div><a href='#' onClick='toggleBox("stack-trace857101167", this, "Click to show all stack frames", "Click to hide stack frames")'>Click to show all stack frames</a>
<div class='stack-trace' id='stack-trace857101167'><pre>java.lang.AssertionError: expected [true] but found [false]
	at org.testng.Assert.fail(Assert.java:111)
	at org.testng.Assert.failNotEquals(Assert.java:1578)
	at org.testng.Assert.assertTrue(Assert.java:57)
	at org.testng.Assert.assertTrue(Assert.java:67)
	at tests.ViewPrescriptionTest.viewPrescription(ViewPrescriptionTest.java:95)
	at java.base/jdk.internal.reflect.DirectMethodHandleAccessor.invoke(DirectMethodHandleAccessor.java:104)
	at java.base/java.lang.reflect.Method.invoke(Method.java:578)
	at org.testng.internal.invokers.MethodInvocationHelper.invokeMethod(MethodInvocationHelper.java:139)
	at org.testng.internal.invokers.TestInvoker.invokeMethod(TestInvoker.java:664)
	at org.testng.internal.invokers.TestInvoker.invokeTestMethod(TestInvoker.java:227)
	at org.testng.internal.invokers.MethodRunner.runInSequence(MethodRunner.java:50)
	at org.testng.internal.invokers.TestInvoker$MethodInvocationAgent.invoke(TestInvoker.java:957)
	at org.testng.internal.invokers.TestInvoker.invokeTestMethods(TestInvoker.java:200)
	at org.testng.internal.invokers.TestMethodWorker.invokeTestMethods(TestMethodWorker.java:148)
	at org.testng.internal.invokers.TestMethodWorker.run(TestMethodWorker.java:128)
	at java.base/java.util.ArrayList.forEach(ArrayList.java:1511)
	at org.testng.TestRunner.privateRun(TestRunner.java:848)
	at org.testng.TestRunner.run(TestRunner.java:621)
	at org.testng.SuiteRunner.runTest(SuiteRunner.java:443)
	at org.testng.SuiteRunner.runSequentially(SuiteRunner.java:437)
	at org.testng.SuiteRunner.privateRun(SuiteRunner.java:397)
	at org.testng.SuiteRunner.run(SuiteRunner.java:336)
	at org.testng.SuiteRunnerWorker.runSuite(SuiteRunnerWorker.java:52)
	at org.testng.SuiteRunnerWorker.run(SuiteRunnerWorker.java:95)
	at org.testng.TestNG.runSuitesSequentially(TestNG.java:1280)
	at org.testng.TestNG.runSuitesLocally(TestNG.java:1200)
	at org.testng.TestNG.runSuites(TestNG.java:1114)
	at org.testng.TestNG.run(TestNG.java:1082)
	at org.testng.remote.AbstractRemoteTestNG.run(AbstractRemoteTestNG.java:115)
	at org.testng.remote.RemoteTestNG.initAndRun(RemoteTestNG.java:251)
	at org.testng.remote.RemoteTestNG.main(RemoteTestNG.java:77)
</pre></div></td>
<td>33</td>
<td>tests.ViewPrescriptionTest@465232e9</td></tr>
<tr>
<td title='tests.ViewPrescriptionTest.patientDetails()'><b>patientDetails</b><br>Test class: tests.ViewPrescriptionTest</td>
<td><div><pre>java.lang.AssertionError: expected [true] but found [false]
	at tests.ViewPrescriptionTest.patientDetails(ViewPrescriptionTest.java:123)
	at java.base/java.util.ArrayList.forEach(ArrayList.java:1511)
... Removed 29 stack frames</pre></div><a href='#' onClick='toggleBox("stack-trace1687316312", this, "Click to show all stack frames", "Click to hide stack frames")'>Click to show all stack frames</a>
<div class='stack-trace' id='stack-trace1687316312'><pre>java.lang.AssertionError: expected [true] but found [false]
	at org.testng.Assert.fail(Assert.java:111)
	at org.testng.Assert.failNotEquals(Assert.java:1578)
	at org.testng.Assert.assertTrue(Assert.java:57)
	at org.testng.Assert.assertTrue(Assert.java:67)
	at tests.ViewPrescriptionTest.patientDetails(ViewPrescriptionTest.java:123)
	at java.base/jdk.internal.reflect.DirectMethodHandleAccessor.invoke(DirectMethodHandleAccessor.java:104)
	at java.base/java.lang.reflect.Method.invoke(Method.java:578)
	at org.testng.internal.invokers.MethodInvocationHelper.invokeMethod(MethodInvocationHelper.java:139)
	at org.testng.internal.invokers.TestInvoker.invokeMethod(TestInvoker.java:664)
	at org.testng.internal.invokers.TestInvoker.invokeTestMethod(TestInvoker.java:227)
	at org.testng.internal.invokers.MethodRunner.runInSequence(MethodRunner.java:50)
	at org.testng.internal.invokers.TestInvoker$MethodInvocationAgent.invoke(TestInvoker.java:957)
	at org.testng.internal.invokers.TestInvoker.invokeTestMethods(TestInvoker.java:200)
	at org.testng.internal.invokers.TestMethodWorker.invokeTestMethods(TestMethodWorker.java:148)
	at org.testng.internal.invokers.TestMethodWorker.run(TestMethodWorker.java:128)
	at java.base/java.util.ArrayList.forEach(ArrayList.java:1511)
	at org.testng.TestRunner.privateRun(TestRunner.java:848)
	at org.testng.TestRunner.run(TestRunner.java:621)
	at org.testng.SuiteRunner.runTest(SuiteRunner.java:443)
	at org.testng.SuiteRunner.runSequentially(SuiteRunner.java:437)
	at org.testng.SuiteRunner.privateRun(SuiteRunner.java:397)
	at org.testng.SuiteRunner.run(SuiteRunner.java:336)
	at org.testng.SuiteRunnerWorker.runSuite(SuiteRunnerWorker.java:52)
	at org.testng.SuiteRunnerWorker.run(SuiteRunnerWorker.java:95)
	at org.testng.TestNG.runSuitesSequentially(TestNG.java:1280)
	at org.testng.TestNG.runSuitesLocally(TestNG.java:1200)
	at org.testng.TestNG.runSuites(TestNG.java:1114)
	at org.testng.TestNG.run(TestNG.java:1082)
	at org.testng.remote.AbstractRemoteTestNG.run(AbstractRemoteTestNG.java:115)
	at org.testng.remote.RemoteTestNG.initAndRun(RemoteTestNG.java:251)
	at org.testng.remote.RemoteTestNG.main(RemoteTestNG.java:77)
</pre></div></td>
<td>21</td>
<td>tests.ViewPrescriptionTest@465232e9</td></tr>
<tr>
<td title='tests.RegistrationTest.Registration()'><b>Registration</b><br>Test class: tests.RegistrationTest</td>
<td><div><pre>java.lang.NullPointerException: Cannot invoke &quot;org.openqa.selenium.WebElement.getText()&quot; because the return value of &quot;genericPages.CommonMethod.getWebElement(String)&quot; is null
	at genericPages.CommonMethod.verifyElementPresent(CommonMethod.java:304)
	at pages.RegistrationPage.registrationSuccessMsg(RegistrationPage.java:80)
	at tests.RegistrationTest.Registration(RegistrationTest.java:71)
	at java.base/java.util.ArrayList.forEach(ArrayList.java:1511)
... Removed 25 stack frames</pre></div><a href='#' onClick='toggleBox("stack-trace1035845664", this, "Click to show all stack frames", "Click to hide stack frames")'>Click to show all stack frames</a>
<div class='stack-trace' id='stack-trace1035845664'><pre>java.lang.NullPointerException: Cannot invoke &quot;org.openqa.selenium.WebElement.getText()&quot; because the return value of &quot;genericPages.CommonMethod.getWebElement(String)&quot; is null
	at genericPages.CommonMethod.verifyElementPresent(CommonMethod.java:304)
	at pages.RegistrationPage.registrationSuccessMsg(RegistrationPage.java:80)
	at tests.RegistrationTest.Registration(RegistrationTest.java:71)
	at java.base/jdk.internal.reflect.DirectMethodHandleAccessor.invoke(DirectMethodHandleAccessor.java:104)
	at java.base/java.lang.reflect.Method.invoke(Method.java:578)
	at org.testng.internal.invokers.MethodInvocationHelper.invokeMethod(MethodInvocationHelper.java:139)
	at org.testng.internal.invokers.TestInvoker.invokeMethod(TestInvoker.java:664)
	at org.testng.internal.invokers.TestInvoker.invokeTestMethod(TestInvoker.java:227)
	at org.testng.internal.invokers.MethodRunner.runInSequence(MethodRunner.java:50)
	at org.testng.internal.invokers.TestInvoker$MethodInvocationAgent.invoke(TestInvoker.java:957)
	at org.testng.internal.invokers.TestInvoker.invokeTestMethods(TestInvoker.java:200)
	at org.testng.internal.invokers.TestMethodWorker.invokeTestMethods(TestMethodWorker.java:148)
	at org.testng.internal.invokers.TestMethodWorker.run(TestMethodWorker.java:128)
	at java.base/java.util.ArrayList.forEach(ArrayList.java:1511)
	at org.testng.TestRunner.privateRun(TestRunner.java:848)
	at org.testng.TestRunner.run(TestRunner.java:621)
	at org.testng.SuiteRunner.runTest(SuiteRunner.java:443)
	at org.testng.SuiteRunner.runSequentially(SuiteRunner.java:437)
	at org.testng.SuiteRunner.privateRun(SuiteRunner.java:397)
	at org.testng.SuiteRunner.run(SuiteRunner.java:336)
	at org.testng.SuiteRunnerWorker.runSuite(SuiteRunnerWorker.java:52)
	at org.testng.SuiteRunnerWorker.run(SuiteRunnerWorker.java:95)
	at org.testng.TestNG.runSuitesSequentially(TestNG.java:1280)
	at org.testng.TestNG.runSuitesLocally(TestNG.java:1200)
	at org.testng.TestNG.runSuites(TestNG.java:1114)
	at org.testng.TestNG.run(TestNG.java:1082)
	at org.testng.remote.AbstractRemoteTestNG.run(AbstractRemoteTestNG.java:115)
	at org.testng.remote.RemoteTestNG.initAndRun(RemoteTestNG.java:251)
	at org.testng.remote.RemoteTestNG.main(RemoteTestNG.java:77)
</pre></div></td>
<td>21</td>
<td>tests.RegistrationTest@24c1b2d2</td></tr>
</table><p>
<table width='100%' border='1' class='invocation-passed'>
<tr><td colspan='4' align='center'><b>PASSED TESTS</b></td></tr>
<tr><td><b>Test method</b></td>
<td><b>Attribute(s)</b></td>
<td width="30%"><b>Exception</b></td>
<td width="10%"><b>Time (seconds)</b></td>
<td><b>Instance</b></td>
</tr>
<tr>
<td title='tests.ReportsTest.PatientsTab()'><b>PatientsTab</b><br>Test class: tests.ReportsTest</td>
<td></td>
<td>11</td>
<td>tests.ReportsTest@7dc19a70</td></tr>
<tr>
<td title='tests.ForgetPasswordTest.BackLoginPage()'><b>BackLoginPage</b><br>Test class: tests.ForgetPasswordTest</td>
<td></td>
<td>2</td>
<td>tests.ForgetPasswordTest@14bdbc74</td></tr>
<tr>
<td title='tests.ReportsTest.cancel()'><b>cancel</b><br>Test class: tests.ReportsTest</td>
<td></td>
<td>2</td>
<td>tests.ReportsTest@7dc19a70</td></tr>
<tr>
<td title='tests.PatientVisitTest.cancelSymptoms()'><b>cancelSymptoms</b><br>Test class: tests.PatientVisitTest</td>
<td></td>
<td>11</td>
<td>tests.PatientVisitTest@3e0e1046</td></tr>
<tr>
<td title='tests.PatientVisitTest.addNewPatientData()'><b>addNewPatientData</b><br>Test class: tests.PatientVisitTest</td>
<td></td>
<td>1</td>
<td>tests.PatientVisitTest@3e0e1046</td></tr>
<tr>
<td title='tests.LoginTest.loginWithInvaliedPassword()'><b>loginWithInvaliedPassword</b><br>Test class: tests.LoginTest</td>
<td></td>
<td>4</td>
<td>tests.LoginTest@38145825</td></tr>
<tr>
<td title='tests.AppointmentsCalenderTest.AddAppointmentWithoutName()'><b>AddAppointmentWithoutName</b><br>Test class: tests.AppointmentsCalenderTest</td>
<td></td>
<td>14</td>
<td>tests.AppointmentsCalenderTest@f68f0dc</td></tr>
<tr>
<td title='tests.RegistrationTest.alreadyAnUser()'><b>alreadyAnUser</b><br>Test class: tests.RegistrationTest</td>
<td></td>
<td>1</td>
<td>tests.RegistrationTest@24c1b2d2</td></tr>
<tr>
<td title='tests.PatientVisitTest.deleteFile()'><b>deleteFile</b><br>Test class: tests.PatientVisitTest</td>
<td></td>
<td>3</td>
<td>tests.PatientVisitTest@3e0e1046</td></tr>
<tr>
<td title='tests.AddPatientTest.withoutMandatoryAllData()'><b>withoutMandatoryAllData</b><br>Test class: tests.AddPatientTest</td>
<td></td>
<td>7</td>
<td>tests.AddPatientTest@51891008</td></tr>
<tr>
<td title='tests.DoctorProfileTest.saveDoctorprofile()'><b>saveDoctorprofile</b><br>Test class: tests.DoctorProfileTest</td>
<td></td>
<td>124</td>
<td>tests.DoctorProfileTest@d2de489</td></tr>
<tr>
<td title='tests.RegistrationTest.registerWithExistingDataAgain()'><b>registerWithExistingDataAgain</b><br>Test class: tests.RegistrationTest</td>
<td></td>
<td>4</td>
<td>tests.RegistrationTest@24c1b2d2</td></tr>
<tr>
<td title='tests.PatientVisitTest.cancelInvstigations()'><b>cancelInvstigations</b><br>Test class: tests.PatientVisitTest</td>
<td></td>
<td>6</td>
<td>tests.PatientVisitTest@3e0e1046</td></tr>
<tr>
<td title='tests.ViewOrEditTest.cancelEdit()'><b>cancelEdit</b><br>Test class: tests.ViewOrEditTest</td>
<td></td>
<td>1</td>
<td>tests.ViewOrEditTest@37313c65</td></tr>
<tr>
<td title='tests.AddPrescriptionTest.printPrescription()'><b>printPrescription</b><br>Test class: tests.AddPrescriptionTest</td>
<td></td>
<td>2</td>
<td>tests.AddPrescriptionTest@2f953efd</td></tr>
<tr>
<td title='tests.ToDoListTest.withoutDueDate()'><b>withoutDueDate</b><br>Test class: tests.ToDoListTest</td>
<td></td>
<td>6</td>
<td>tests.ToDoListTest@508dec2b</td></tr>
<tr>
<td title='tests.HomePageAppointmentTest.addAppointment()'><b>addAppointment</b><br>Test class: tests.HomePageAppointmentTest</td>
<td></td>
<td>4</td>
<td>tests.HomePageAppointmentTest@12591ac8</td></tr>
<tr>
<td title='tests.AddBillTest.addingIncorrectBillItemDetails()'><b>addingIncorrectBillItemDetails</b><br>Test class: tests.AddBillTest</td>
<td></td>
<td>16</td>
<td>tests.AddBillTest@3aa078fd</td></tr>
<tr>
<td title='tests.AddPatientTest.nameWithSpecialCharacter()'><b>nameWithSpecialCharacter</b><br>Test class: tests.AddPatientTest</td>
<td></td>
<td>4</td>
<td>tests.AddPatientTest@51891008</td></tr>
<tr>
<td title='tests.AppointmentsCalenderTest.AddAppointmentWithoutVisitReason()'><b>AddAppointmentWithoutVisitReason</b><br>Test class: tests.AppointmentsCalenderTest</td>
<td></td>
<td>15</td>
<td>tests.AppointmentsCalenderTest@f68f0dc</td></tr>
<tr>
<td title='tests.ToDoListTest.Todolist()'><b>Todolist</b><br>Test class: tests.ToDoListTest</td>
<td></td>
<td>16</td>
<td>tests.ToDoListTest@508dec2b</td></tr>
<tr>
<td title='tests.ToDoListTest.deleteTask()'><b>deleteTask</b><br>Test class: tests.ToDoListTest</td>
<td></td>
<td>3</td>
<td>tests.ToDoListTest@508dec2b</td></tr>
<tr>
<td title='tests.HomePageAppointmentTest.CancelAppointment()'><b>CancelAppointment</b><br>Test class: tests.HomePageAppointmentTest</td>
<td></td>
<td>4</td>
<td>tests.HomePageAppointmentTest@12591ac8</td></tr>
<tr>
<td title='tests.AddPrescriptionTest.withInvaliedMedicineField()'><b>withInvaliedMedicineField</b><br>Test class: tests.AddPrescriptionTest</td>
<td></td>
<td>7</td>
<td>tests.AddPrescriptionTest@2f953efd</td></tr>
<tr>
<td title='tests.LoginTestDDT.login()'><b>login</b><br>Test class: tests.LoginTestDDT<br>Parameters: , , failure</td>
<td></td>
<td>5</td>
<td>tests.LoginTestDDT@41330d4f</td></tr>
<tr>
<td title='tests.AddPatientTest.sameContactNoInEmergencyField()'><b>sameContactNoInEmergencyField</b><br>Test class: tests.AddPatientTest</td>
<td></td>
<td>22</td>
<td>tests.AddPatientTest@51891008</td></tr>
<tr>
<td title='tests.HomePageAppointmentTest.addAppointmentWithoutVisitReason()'><b>addAppointmentWithoutVisitReason</b><br>Test class: tests.HomePageAppointmentTest</td>
<td></td>
<td>1</td>
<td>tests.HomePageAppointmentTest@12591ac8</td></tr>
<tr>
<td title='tests.LoginTestExcel.valiedLogin()'><b>valiedLogin</b><br>Test class: tests.LoginTestExcel</td>
<td></td>
<td>10</td>
<td>tests.LoginTestExcel@1b66c0fb</td></tr>
<tr>
<td title='tests.ViewBillTest.downloadBill()'><b>downloadBill</b><br>Test class: tests.ViewBillTest</td>
<td></td>
<td>3</td>
<td>tests.ViewBillTest@1e4f4a5c</td></tr>
<tr>
<td title='tests.ViewBillTest.viewBill()'><b>viewBill</b><br>Test class: tests.ViewBillTest</td>
<td></td>
<td>4</td>
<td>tests.ViewBillTest@1e4f4a5c</td></tr>
<tr>
<td title='tests.AddPatientTest.AddPatient()'><b>AddPatient</b><br>Test class: tests.AddPatientTest</td>
<td></td>
<td>24</td>
<td>tests.AddPatientTest@51891008</td></tr>
<tr>
<td title='tests.AppointmentsCalenderTest.existingAppointmentInDay()'><b>existingAppointmentInDay</b><br>Test class: tests.AppointmentsCalenderTest</td>
<td></td>
<td>26</td>
<td>tests.AppointmentsCalenderTest@f68f0dc</td></tr>
<tr>
<td title='tests.RegistrationTest.withoutMandatoryAllField()'><b>withoutMandatoryAllField</b><br>Test class: tests.RegistrationTest</td>
<td></td>
<td>3</td>
<td>tests.RegistrationTest@24c1b2d2</td></tr>
<tr>
<td title='tests.HomePageAppointmentTest.addAppointmentWithoutData()'><b>addAppointmentWithoutData</b><br>Test class: tests.HomePageAppointmentTest</td>
<td></td>
<td>1</td>
<td>tests.HomePageAppointmentTest@12591ac8</td></tr>
<tr>
<td title='tests.ReportsTest.dateView()'><b>dateView</b><br>Test class: tests.ReportsTest</td>
<td></td>
<td>1</td>
<td>tests.ReportsTest@7dc19a70</td></tr>
<tr>
<td title='tests.LoginTest.loginWithoutPassword()'><b>loginWithoutPassword</b><br>Test class: tests.LoginTest</td>
<td></td>
<td>2</td>
<td>tests.LoginTest@38145825</td></tr>
<tr>
<td title='tests.RegistrationTest.withoutConfirmUsernameField()'><b>withoutConfirmUsernameField</b><br>Test class: tests.RegistrationTest</td>
<td></td>
<td>2</td>
<td>tests.RegistrationTest@24c1b2d2</td></tr>
<tr>
<td title='tests.AddPrescriptionTest.downloadPrescriptionAgain()'><b>downloadPrescriptionAgain</b><br>Test class: tests.AddPrescriptionTest</td>
<td></td>
<td>2</td>
<td>tests.AddPrescriptionTest@2f953efd</td></tr>
<tr>
<td title='tests.ReportsTest.AddPatient()'><b>AddPatient</b><br>Test class: tests.ReportsTest</td>
<td></td>
<td>25</td>
<td>tests.ReportsTest@7dc19a70</td></tr>
<tr>
<td title='tests.AddBillTest.printBill()'><b>printBill</b><br>Test class: tests.AddBillTest</td>
<td></td>
<td>7</td>
<td>tests.AddBillTest@3aa078fd</td></tr>
<tr>
<td title='tests.PatientVisitTest.followup()'><b>followup</b><br>Test class: tests.PatientVisitTest</td>
<td></td>
<td>40</td>
<td>tests.PatientVisitTest@3e0e1046</td></tr>
<tr>
<td title='tests.RegistrationTest.withClickHelp()'><b>withClickHelp</b><br>Test class: tests.RegistrationTest</td>
<td></td>
<td>1</td>
<td>tests.RegistrationTest@24c1b2d2</td></tr>
<tr>
<td title='tests.AddPatientTest.withIncorrectPhoneNo()'><b>withIncorrectPhoneNo</b><br>Test class: tests.AddPatientTest</td>
<td></td>
<td>7</td>
<td>tests.AddPatientTest@51891008</td></tr>
<tr>
<td title='tests.ViewOrEditTest.withoutMandatoryData()'><b>withoutMandatoryData</b><br>Test class: tests.ViewOrEditTest</td>
<td></td>
<td>7</td>
<td>tests.ViewOrEditTest@37313c65</td></tr>
<tr>
<td title='tests.AddPrescriptionTest.cancelAddedMedicineField()'><b>cancelAddedMedicineField</b><br>Test class: tests.AddPrescriptionTest</td>
<td></td>
<td>32</td>
<td>tests.AddPrescriptionTest@2f953efd</td></tr>
<tr>
<td title='tests.AppointmentsCalenderTest.AddAppointmentsCalender()'><b>AddAppointmentsCalender</b><br>Test class: tests.AppointmentsCalenderTest</td>
<td></td>
<td>7</td>
<td>tests.AppointmentsCalenderTest@f68f0dc</td></tr>
<tr>
<td title='tests.PatientVisitTest.patientVisitWithoutPrimaryComplaint()'><b>patientVisitWithoutPrimaryComplaint</b><br>Test class: tests.PatientVisitTest</td>
<td></td>
<td>8</td>
<td>tests.PatientVisitTest@3e0e1046</td></tr>
<tr>
<td title='tests.LoginTestDDT.login()'><b>login</b><br>Test class: tests.LoginTestDDT<br>Parameters: ashwin, ashwinkv016, failure</td>
<td></td>
<td>5</td>
<td>tests.LoginTestDDT@41330d4f</td></tr>
<tr>
<td title='tests.RegistrationTest.invalidConfirmUsernameField()'><b>invalidConfirmUsernameField</b><br>Test class: tests.RegistrationTest</td>
<td></td>
<td>3</td>
<td>tests.RegistrationTest@24c1b2d2</td></tr>
<tr>
<td title='tests.ViewOrEditTest.updateContactField()'><b>updateContactField</b><br>Test class: tests.ViewOrEditTest</td>
<td></td>
<td>7</td>
<td>tests.ViewOrEditTest@37313c65</td></tr>
<tr>
<td title='tests.PatientVisitTest.savePatientVisit()'><b>savePatientVisit</b><br>Test class: tests.PatientVisitTest</td>
<td></td>
<td>6</td>
<td>tests.PatientVisitTest@3e0e1046</td></tr>
<tr>
<td title='tests.AddBillTest.printWithoutAddingBillingItem()'><b>printWithoutAddingBillingItem</b><br>Test class: tests.AddBillTest</td>
<td></td>
<td>12</td>
<td>tests.AddBillTest@3aa078fd</td></tr>
<tr>
<td title='tests.AppointmentsCalenderTest.existingAppointmentInMonth()'><b>existingAppointmentInMonth</b><br>Test class: tests.AppointmentsCalenderTest</td>
<td></td>
<td>21</td>
<td>tests.AppointmentsCalenderTest@f68f0dc</td></tr>
<tr>
<td title='tests.AppointmentsCalenderTest.agenda()'><b>agenda</b><br>Test class: tests.AppointmentsCalenderTest</td>
<td></td>
<td>13</td>
<td>tests.AppointmentsCalenderTest@f68f0dc</td></tr>
<tr>
<td title='tests.HomePageAppointmentTest.addAppointmentwithoutContactNo()'><b>addAppointmentwithoutContactNo</b><br>Test class: tests.HomePageAppointmentTest</td>
<td></td>
<td>4</td>
<td>tests.HomePageAppointmentTest@12591ac8</td></tr>
<tr>
<td title='tests.LoginTestDDT.login()'><b>login</b><br>Test class: tests.LoginTestDDT<br>Parameters: ashwinkv016, ashwin, failure</td>
<td></td>
<td>5</td>
<td>tests.LoginTestDDT@41330d4f</td></tr>
<tr>
<td title='tests.AddPatientTest.resetPatientWithData()'><b>resetPatientWithData</b><br>Test class: tests.AddPatientTest</td>
<td></td>
<td>1</td>
<td>tests.AddPatientTest@51891008</td></tr>
<tr>
<td title='tests.AddPrescriptionTest.clickingBack()'><b>clickingBack</b><br>Test class: tests.AddPrescriptionTest</td>
<td></td>
<td>5</td>
<td>tests.AddPrescriptionTest@2f953efd</td></tr>
<tr>
<td title='tests.ToDoListTest.withoutTaskDetails()'><b>withoutTaskDetails</b><br>Test class: tests.ToDoListTest</td>
<td></td>
<td>5</td>
<td>tests.ToDoListTest@508dec2b</td></tr>
<tr>
<td title='tests.AddBillTest.saveAndprintBill()'><b>saveAndprintBill</b><br>Test class: tests.AddBillTest</td>
<td></td>
<td>20</td>
<td>tests.AddBillTest@3aa078fd</td></tr>
<tr>
<td title='tests.HomePageAppointmentTest.EditExistingAppointment()'><b>EditExistingAppointment</b><br>Test class: tests.HomePageAppointmentTest</td>
<td></td>
<td>5</td>
<td>tests.HomePageAppointmentTest@12591ac8</td></tr>
<tr>
<td title='tests.LoginTestDDT.login()'><b>login</b><br>Test class: tests.LoginTestDDT<br>Parameters: ashwinkv016, ashwinkv016, successful</td>
<td></td>
<td>9</td>
<td>tests.LoginTestDDT@41330d4f</td></tr>
<tr>
<td title='tests.AppointmentsCalenderTest.updateWithInvaliedData()'><b>updateWithInvaliedData</b><br>Test class: tests.AppointmentsCalenderTest</td>
<td></td>
<td>6</td>
<td>tests.AppointmentsCalenderTest@f68f0dc</td></tr>
<tr>
<td title='tests.AppointmentsCalenderTest.updateAppointmentWithValidData()'><b>updateAppointmentWithValidData</b><br>Test class: tests.AppointmentsCalenderTest</td>
<td></td>
<td>6</td>
<td>tests.AppointmentsCalenderTest@f68f0dc</td></tr>
<tr>
<td title='tests.HomePageAppointmentTest.ClickSMSReminder()'><b>ClickSMSReminder</b><br>Test class: tests.HomePageAppointmentTest</td>
<td></td>
<td>4</td>
<td>tests.HomePageAppointmentTest@12591ac8</td></tr>
<tr>
<td title='tests.AddBillTest.downloadBill()'><b>downloadBill</b><br>Test class: tests.AddBillTest</td>
<td></td>
<td>5</td>
<td>tests.AddBillTest@3aa078fd</td></tr>
<tr>
<td title='tests.ForgetPasswordTest.forgotpassword()'><b>forgotpassword</b><br>Test class: tests.ForgetPasswordTest</td>
<td></td>
<td>1</td>
<td>tests.ForgetPasswordTest@14bdbc74</td></tr>
<tr>
<td title='tests.ToDoListTest.viewCompletedTask()'><b>viewCompletedTask</b><br>Test class: tests.ToDoListTest</td>
<td></td>
<td>1</td>
<td>tests.ToDoListTest@508dec2b</td></tr>
<tr>
<td title='tests.HomePageAppointmentTest.clickingPlusSign()'><b>clickingPlusSign</b><br>Test class: tests.HomePageAppointmentTest</td>
<td></td>
<td>0</td>
<td>tests.HomePageAppointmentTest@12591ac8</td></tr>
<tr>
<td title='tests.HomePageAppointmentTest.ClickAgainSMSReminder()'><b>ClickAgainSMSReminder</b><br>Test class: tests.HomePageAppointmentTest</td>
<td></td>
<td>4</td>
<td>tests.HomePageAppointmentTest@12591ac8</td></tr>
<tr>
<td title='tests.LoginTestExcel.InvaliedLogin3()'><b>InvaliedLogin3</b><br>Test class: tests.LoginTestExcel</td>
<td></td>
<td>3</td>
<td>tests.LoginTestExcel@1b66c0fb</td></tr>
<tr>
<td title='tests.ViewOrEditTest.withoutAddressField()'><b>withoutAddressField</b><br>Test class: tests.ViewOrEditTest</td>
<td></td>
<td>3</td>
<td>tests.ViewOrEditTest@37313c65</td></tr>
<tr>
<td title='tests.AppointmentsCalenderTest.addPatientWithoutContactNo()'><b>addPatientWithoutContactNo</b><br>Test class: tests.AppointmentsCalenderTest</td>
<td></td>
<td>15</td>
<td>tests.AppointmentsCalenderTest@f68f0dc</td></tr>
<tr>
<td title='tests.ToDoListTest.viewOpenTask()'><b>viewOpenTask</b><br>Test class: tests.ToDoListTest</td>
<td></td>
<td>1</td>
<td>tests.ToDoListTest@508dec2b</td></tr>
<tr>
<td title='tests.AddPatientTest.resetPatientWithoutData()'><b>resetPatientWithoutData</b><br>Test class: tests.AddPatientTest</td>
<td></td>
<td>4</td>
<td>tests.AddPatientTest@51891008</td></tr>
<tr>
<td title='tests.AddPrescriptionTest.withoutAddingMedicineField()'><b>withoutAddingMedicineField</b><br>Test class: tests.AddPrescriptionTest</td>
<td></td>
<td>7</td>
<td>tests.AddPrescriptionTest@2f953efd</td></tr>
<tr>
<td title='tests.LoginTestExcel.InvaliedLogin1()'><b>InvaliedLogin1</b><br>Test class: tests.LoginTestExcel</td>
<td></td>
<td>7</td>
<td>tests.LoginTestExcel@1b66c0fb</td></tr>
<tr>
<td title='tests.LoginTest.loginWithoutData()'><b>loginWithoutData</b><br>Test class: tests.LoginTest</td>
<td></td>
<td>1</td>
<td>tests.LoginTest@38145825</td></tr>
<tr>
<td title='tests.AppointmentsCalenderTest.existingAppointmentInWeek()'><b>existingAppointmentInWeek</b><br>Test class: tests.AppointmentsCalenderTest</td>
<td></td>
<td>18</td>
<td>tests.AppointmentsCalenderTest@f68f0dc</td></tr>
<tr>
<td title='tests.PatientVisitTest.patientVisitWithPrimaryComplaintUpload()'><b>patientVisitWithPrimaryComplaintUpload</b><br>Test class: tests.PatientVisitTest</td>
<td></td>
<td>16</td>
<td>tests.PatientVisitTest@3e0e1046</td></tr>
<tr>
<td title='tests.LoginTest.loginWithRememberMe()'><b>loginWithRememberMe</b><br>Test class: tests.LoginTest</td>
<td></td>
<td>4</td>
<td>tests.LoginTest@38145825</td></tr>
<tr>
<td title='tests.AddPrescriptionTest.addPrescription()'><b>addPrescription</b><br>Test class: tests.AddPrescriptionTest</td>
<td></td>
<td>8</td>
<td>tests.AddPrescriptionTest@2f953efd</td></tr>
<tr>
<td title='tests.LoginTest.loginwithoutRememberMe()'><b>loginwithoutRememberMe</b><br>Test class: tests.LoginTest</td>
<td></td>
<td>8</td>
<td>tests.LoginTest@38145825</td></tr>
<tr>
<td title='tests.ToDoListTest.CompletedTask()'><b>CompletedTask</b><br>Test class: tests.ToDoListTest</td>
<td></td>
<td>4</td>
<td>tests.ToDoListTest@508dec2b</td></tr>
<tr>
<td title='tests.ViewBillTest.printBill()'><b>printBill</b><br>Test class: tests.ViewBillTest</td>
<td></td>
<td>2</td>
<td>tests.ViewBillTest@1e4f4a5c</td></tr>
<tr>
<td title='tests.HomePageTest.checkTitle()'><b>checkTitle</b><br>Test class: tests.HomePageTest</td>
<td></td>
<td>10</td>
<td>tests.HomePageTest@5a7fe64f</td></tr>
<tr>
<td title='tests.LoginTestExcel.InvaliedLogin2()'><b>InvaliedLogin2</b><br>Test class: tests.LoginTestExcel</td>
<td></td>
<td>7</td>
<td>tests.LoginTestExcel@1b66c0fb</td></tr>
<tr>
<td title='tests.LoginTest.incorrectDetails()'><b>incorrectDetails</b><br>Test class: tests.LoginTest</td>
<td></td>
<td>6</td>
<td>tests.LoginTest@38145825</td></tr>
<tr>
<td title='tests.AddBillTest.clickResetBtn()'><b>clickResetBtn</b><br>Test class: tests.AddBillTest</td>
<td></td>
<td>3</td>
<td>tests.AddBillTest@3aa078fd</td></tr>
<tr>
<td title='tests.ViewOrEditTest.deleteList()'><b>deleteList</b><br>Test class: tests.ViewOrEditTest</td>
<td></td>
<td>7</td>
<td>tests.ViewOrEditTest@37313c65</td></tr>
</table><p>
</body>
</html>