<?xml version="1.0" encoding="UTF-8"?>
<!-- Generated by org.testng.reporters.JUnitXMLReporter -->
<testsuite ignored="34" hostname="ASHWIN" failures="4" tests="94" name="Medopract" time="1059.068" errors="0" timestamp="2023-09-05T16:28:27 IST">
  <testcase classname="tests.AddBillTest" name="saveAndprintBill" time="20.382"/>
  <testcase classname="tests.AddBillTest" name="clickResetBtn" time="3.857"/>
  <testcase classname="tests.AddBillTest" name="printWithoutAddingBillingItem" time="12.05"/>
  <testcase classname="tests.AddBillTest" name="addingIncorrectBillItemDetails" time="16.824"/>
  <testcase classname="tests.AddBillTest" name="printBill" time="7.915"/>
  <testcase classname="tests.AddBillTest" name="downloadBill" time="5.588"/>
  <testcase classname="tests.AddPatientTest" name="withoutMandatoryAllData" time="7.21"/>
  <testcase classname="tests.AddPatientTest" name="AddPatient" time="24.278"/>
  <testcase classname="tests.AddPatientTest" name="resetPatientWithData" time="1.15"/>
  <testcase classname="tests.AddPatientTest" name="resetPatientWithoutData" time="4.764"/>
  <testcase classname="tests.AddPatientTest" name="nameWithSpecialCharacter" time="4.627"/>
  <testcase classname="tests.AddPatientTest" name="withIncorrectPhoneNo" time="7.466"/>
  <testcase classname="tests.AddPatientTest" name="sameContactNoInEmergencyField" time="22.535"/>
  <testcase classname="tests.AddPrescriptionTest" name="withoutAddingMedicineField" time="7.518"/>
  <testcase classname="tests.AddPrescriptionTest" name="addPrescription" time="8.616"/>
  <testcase classname="tests.AddPrescriptionTest" name="printPrescription" time="2.136"/>
  <testcase classname="tests.AddPrescriptionTest" name="downloadPrescriptionAgain" time="2.485"/>
  <testcase classname="tests.AddPrescriptionTest" name="clickingBack" time="5.482"/>
  <testcase classname="tests.AddPrescriptionTest" name="cancelAddedMedicineField" time="32.232"/>
  <testcase classname="tests.AddPrescriptionTest" name="withInvaliedMedicineField" time="7.522"/>
  <testcase classname="tests.AppointmentsCalenderTest" name="AddAppointmentsCalender" time="7.183"/>
  <testcase classname="tests.AppointmentsCalenderTest" name="AddAppointmentWithoutName" time="14.908"/>
  <testcase classname="tests.AppointmentsCalenderTest" name="AddAppointmentWithoutVisitReason" time="15.156"/>
  <testcase classname="tests.AppointmentsCalenderTest" name="addPatientWithoutContactNo" time="15.3"/>
  <testcase classname="tests.AppointmentsCalenderTest" name="updateWithInvaliedData" time="6.75"/>
  <testcase classname="tests.AppointmentsCalenderTest" name="updateAppointmentWithValidData" time="6.374"/>
  <testcase classname="tests.AppointmentsCalenderTest" name="existingAppointmentInMonth" time="21.279"/>
  <testcase classname="tests.AppointmentsCalenderTest" name="existingAppointmentInWeek" time="18.605"/>
  <testcase classname="tests.AppointmentsCalenderTest" name="existingAppointmentInDay" time="26.774"/>
  <testcase classname="tests.AppointmentsCalenderTest" name="agenda" time="13.88"/>
  <testcase classname="tests.DoctorProfileTest" name="saveDoctorprofile" time="124.162"/>
  <testcase classname="tests.ForgetPasswordTest" name="forgotpassword" time="1.749"/>
  <testcase classname="tests.ForgetPasswordTest" name="BackLoginPage" time="2.607"/>
  <testcase classname="tests.HomePageAppointmentTest" name="addAppointmentWithoutData" time="1.366"/>
  <testcase classname="tests.HomePageAppointmentTest" name="clickingPlusSign" time="0.17"/>
  <testcase classname="tests.HomePageAppointmentTest" name="addAppointmentWithoutVisitReason" time="1.728"/>
  <testcase classname="tests.HomePageAppointmentTest" name="addAppointment" time="4.509"/>
  <testcase classname="tests.HomePageAppointmentTest" name="addAppointmentwithoutContactNo" time="4.476"/>
  <testcase classname="tests.HomePageAppointmentTest" name="EditExistingAppointment" time="5.771"/>
  <testcase classname="tests.HomePageAppointmentTest" name="ClickSMSReminder" time="4.887"/>
  <testcase classname="tests.HomePageAppointmentTest" name="ClickAgainSMSReminder" time="4.686"/>
  <testcase classname="tests.HomePageAppointmentTest" name="CancelAppointment" time="4.448"/>
  <testcase classname="tests.HomePageTest" name="checkTitle" time="10.669"/>
  <testcase classname="tests.LoginTest" name="loginWithoutData" time="1.127"/>
  <testcase classname="tests.LoginTest" name="loginWithoutPassword" time="2.188"/>
  <testcase classname="tests.LoginTest" name="loginWithInvaliedPassword" time="4.134"/>
  <testcase classname="tests.LoginTest" name="incorrectDetails" time="6.462"/>
  <testcase classname="tests.LoginTest" name="loginwithoutRememberMe" time="8.389"/>
  <testcase classname="tests.LoginTest" name="loginWithRememberMe" time="4.915"/>
  <testcase classname="tests.LoginTestDDT" name="login" time="9.186"/>
  <testcase classname="tests.LoginTestDDT" name="login" time="5.31"/>
  <testcase classname="tests.LoginTestDDT" name="login" time="5.322"/>
  <testcase classname="tests.LoginTestDDT" name="login" time="5.301"/>
  <testcase classname="tests.LoginTestExcel" name="valiedLogin" time="10.59"/>
  <testcase classname="tests.LoginTestExcel" name="InvaliedLogin1" time="7.518"/>
  <testcase classname="tests.LoginTestExcel" name="InvaliedLogin2" time="7.426"/>
  <testcase classname="tests.LoginTestExcel" name="InvaliedLogin3" time="3.312"/>
  <testcase classname="tests.PatientVisitTest" name="addNewPatientData" time="1.446"/>
  <testcase classname="tests.PatientVisitTest" name="patientVisitWithPrimaryComplaintUpload" time="16.903"/>
  <testcase classname="tests.PatientVisitTest" name="deleteFile" time="3.848"/>
  <testcase classname="tests.PatientVisitTest" name="savePatientVisit" time="6.377"/>
  <testcase classname="tests.PatientVisitTest" name="patientVisitWithoutPrimaryComplaint" time="8.254"/>
  <testcase classname="tests.PatientVisitTest" name="cancelSymptoms" time="11.943"/>
  <testcase classname="tests.PatientVisitTest" name="cancelInvstigations" time="6.725"/>
  <testcase classname="tests.PatientVisitTest" name="followup" time="40.154"/>
  <testcase classname="tests.RegistrationTest" name="withoutMandatoryAllField" time="3.981"/>
  <testcase classname="tests.RegistrationTest" name="Registration" time="21.766">
    <failure type="java.lang.NullPointerException" message="Cannot invoke &amp;quot;org.openqa.selenium.WebElement.getText()&amp;quot; because the return value of &amp;quot;genericPages.CommonMethod.getWebElement(String)&amp;quot; is null">
      <![CDATA[java.lang.NullPointerException: Cannot invoke "org.openqa.selenium.WebElement.getText()" because the return value of "genericPages.CommonMethod.getWebElement(String)" is null
at genericPages.CommonMethod.verifyElementPresent(CommonMethod.java:304)
at pages.RegistrationPage.registrationSuccessMsg(RegistrationPage.java:80)
at tests.RegistrationTest.Registration(RegistrationTest.java:71)
at java.base/java.util.ArrayList.forEach(ArrayList.java:1511)
... Removed 25 stack frames]]>
    </failure>
  </testcase> <!-- Registration -->
  <testcase classname="tests.RegistrationTest" name="registerWithExistingDataAgain" time="4.198"/>
  <testcase classname="tests.RegistrationTest" name="withoutConfirmUsernameField" time="2.67"/>
  <testcase classname="tests.RegistrationTest" name="invalidConfirmUsernameField" time="3.936"/>
  <testcase classname="tests.RegistrationTest" name="withoutAgreeTermCheckBox" time="21.724">
    <failure type="java.lang.NullPointerException" message="Cannot invoke &amp;quot;org.openqa.selenium.WebElement.getText()&amp;quot; because the return value of &amp;quot;genericPages.CommonMethod.getWebElement(String)&amp;quot; is null">
      <![CDATA[java.lang.NullPointerException: Cannot invoke "org.openqa.selenium.WebElement.getText()" because the return value of "genericPages.CommonMethod.getWebElement(String)" is null
at genericPages.CommonMethod.verifyElementPresent(CommonMethod.java:304)
at pages.RegistrationPage.AgreeTermsErrorMsg(RegistrationPage.java:67)
at tests.RegistrationTest.withoutAgreeTermCheckBox(RegistrationTest.java:131)
at java.base/java.util.ArrayList.forEach(ArrayList.java:1511)
... Removed 25 stack frames]]>
    </failure>
  </testcase> <!-- withoutAgreeTermCheckBox -->
  <testcase classname="tests.RegistrationTest" name="withClickHelp" time="1.143"/>
  <testcase classname="tests.RegistrationTest" name="alreadyAnUser" time="1.499"/>
  <testcase classname="tests.ReportsTest" name="PatientsTab" time="11.083"/>
  <testcase classname="tests.ReportsTest" name="AddPatient" time="25.756"/>
  <testcase classname="tests.ReportsTest" name="dateView" time="1.359"/>
  <testcase classname="tests.ReportsTest" name="cancel" time="2.493"/>
  <testcase classname="tests.ToDoListTest" name="Todolist" time="16.887"/>
  <testcase classname="tests.ToDoListTest" name="withoutTaskDetails" time="5.611"/>
  <testcase classname="tests.ToDoListTest" name="withoutDueDate" time="6.987"/>
  <testcase classname="tests.ToDoListTest" name="CompletedTask" time="4.333"/>
  <testcase classname="tests.ToDoListTest" name="viewCompletedTask" time="1.144"/>
  <testcase classname="tests.ToDoListTest" name="viewOpenTask" time="1.088"/>
  <testcase classname="tests.ToDoListTest" name="deleteTask" time="3.248"/>
  <testcase classname="tests.ViewBillTest" name="viewBill" time="4.13"/>
  <testcase classname="tests.ViewBillTest" name="printBill" time="2.107"/>
  <testcase classname="tests.ViewBillTest" name="downloadBill" time="3.489"/>
  <testcase classname="tests.ViewOrEditTest" name="deleteList" time="7.501"/>
  <testcase classname="tests.ViewOrEditTest" name="updateContactField" time="7.63"/>
  <testcase classname="tests.ViewOrEditTest" name="withoutAddressField" time="3.202"/>
  <testcase classname="tests.ViewOrEditTest" name="withoutMandatoryData" time="7.261"/>
  <testcase classname="tests.ViewOrEditTest" name="cancelEdit" time="1.107"/>
  <testcase classname="tests.ViewPrescriptionTest" name="viewPrescription" time="33.922">
    <failure type="java.lang.AssertionError" message="expected [true] but found [false]">
      <![CDATA[java.lang.AssertionError: expected [true] but found [false]
at tests.ViewPrescriptionTest.viewPrescription(ViewPrescriptionTest.java:95)
at java.base/java.util.ArrayList.forEach(ArrayList.java:1511)
... Removed 29 stack frames]]>
    </failure>
  </testcase> <!-- viewPrescription -->
  <testcase classname="tests.ViewPrescriptionTest" name="patientDetails" time="21.491">
    <failure type="java.lang.AssertionError" message="expected [true] but found [false]">
      <![CDATA[java.lang.AssertionError: expected [true] but found [false]
at tests.ViewPrescriptionTest.patientDetails(ViewPrescriptionTest.java:123)
at java.base/java.util.ArrayList.forEach(ArrayList.java:1511)
... Removed 29 stack frames]]>
    </failure>
  </testcase> <!-- patientDetails -->
  <testcase classname="genericPages.CommonMethod" name="@BeforeSuite configuration" time="0.0">
    <ignored/>
  </testcase> <!-- @BeforeSuite configuration -->
  <testcase classname="genericPages.CommonMethod" name="@BeforeSuite configuration" time="0.0">
    <ignored/>
  </testcase> <!-- @BeforeSuite configuration -->
  <testcase classname="genericPages.CommonMethod" name="@AfterSuite closure" time="0.0">
    <ignored/>
  </testcase> <!-- @AfterSuite closure -->
  <testcase classname="genericPages.CommonMethod" name="@BeforeSuite configuration" time="0.0">
    <ignored/>
  </testcase> <!-- @BeforeSuite configuration -->
  <testcase classname="genericPages.CommonMethod" name="@AfterSuite closure" time="0.0">
    <ignored/>
  </testcase> <!-- @AfterSuite closure -->
  <testcase classname="genericPages.CommonMethod" name="@AfterSuite closure" time="0.0">
    <ignored/>
  </testcase> <!-- @AfterSuite closure -->
  <testcase classname="genericPages.CommonMethod" name="@AfterSuite closure" time="0.0">
    <ignored/>
  </testcase> <!-- @AfterSuite closure -->
  <testcase classname="genericPages.CommonMethod" name="@AfterSuite closure" time="0.0">
    <ignored/>
  </testcase> <!-- @AfterSuite closure -->
  <testcase classname="genericPages.CommonMethod" name="@BeforeSuite configuration" time="0.0">
    <ignored/>
  </testcase> <!-- @BeforeSuite configuration -->
  <testcase classname="genericPages.CommonMethod" name="@BeforeSuite configuration" time="0.0">
    <ignored/>
  </testcase> <!-- @BeforeSuite configuration -->
  <testcase classname="genericPages.CommonMethod" name="@AfterSuite closure" time="0.0">
    <ignored/>
  </testcase> <!-- @AfterSuite closure -->
  <testcase classname="genericPages.CommonMethod" name="@AfterSuite closure" time="0.0">
    <ignored/>
  </testcase> <!-- @AfterSuite closure -->
  <testcase classname="genericPages.CommonMethod" name="@AfterSuite closure" time="0.0">
    <ignored/>
  </testcase> <!-- @AfterSuite closure -->
  <testcase classname="genericPages.CommonMethod" name="@BeforeSuite configuration" time="0.0">
    <ignored/>
  </testcase> <!-- @BeforeSuite configuration -->
  <testcase classname="genericPages.CommonMethod" name="@BeforeSuite configuration" time="0.0">
    <ignored/>
  </testcase> <!-- @BeforeSuite configuration -->
  <testcase classname="genericPages.CommonMethod" name="@AfterSuite closure" time="0.0">
    <ignored/>
  </testcase> <!-- @AfterSuite closure -->
  <testcase classname="genericPages.CommonMethod" name="@AfterSuite closure" time="0.0">
    <ignored/>
  </testcase> <!-- @AfterSuite closure -->
  <testcase classname="genericPages.CommonMethod" name="@BeforeSuite configuration" time="0.0">
    <ignored/>
  </testcase> <!-- @BeforeSuite configuration -->
  <testcase classname="genericPages.CommonMethod" name="@BeforeSuite configuration" time="0.0">
    <ignored/>
  </testcase> <!-- @BeforeSuite configuration -->
  <testcase classname="genericPages.CommonMethod" name="@AfterSuite closure" time="0.0">
    <ignored/>
  </testcase> <!-- @AfterSuite closure -->
  <testcase classname="genericPages.CommonMethod" name="@BeforeSuite configuration" time="0.0">
    <ignored/>
  </testcase> <!-- @BeforeSuite configuration -->
  <testcase classname="genericPages.CommonMethod" name="@BeforeSuite configuration" time="0.0">
    <ignored/>
  </testcase> <!-- @BeforeSuite configuration -->
  <testcase classname="genericPages.CommonMethod" name="@AfterSuite closure" time="0.0">
    <ignored/>
  </testcase> <!-- @AfterSuite closure -->
  <testcase classname="genericPages.CommonMethod" name="@AfterSuite closure" time="0.0">
    <ignored/>
  </testcase> <!-- @AfterSuite closure -->
  <testcase classname="genericPages.CommonMethod" name="@AfterSuite closure" time="0.0">
    <ignored/>
  </testcase> <!-- @AfterSuite closure -->
  <testcase classname="genericPages.CommonMethod" name="@BeforeSuite configuration" time="0.0">
    <ignored/>
  </testcase> <!-- @BeforeSuite configuration -->
  <testcase classname="genericPages.CommonMethod" name="@AfterSuite closure" time="0.0">
    <ignored/>
  </testcase> <!-- @AfterSuite closure -->
  <testcase classname="genericPages.CommonMethod" name="@BeforeSuite configuration" time="0.0">
    <ignored/>
  </testcase> <!-- @BeforeSuite configuration -->
  <testcase classname="genericPages.CommonMethod" name="@BeforeSuite configuration" time="0.0">
    <ignored/>
  </testcase> <!-- @BeforeSuite configuration -->
  <testcase classname="genericPages.CommonMethod" name="@BeforeSuite configuration" time="0.0">
    <ignored/>
  </testcase> <!-- @BeforeSuite configuration -->
  <testcase classname="genericPages.CommonMethod" name="@BeforeSuite configuration" time="0.0">
    <ignored/>
  </testcase> <!-- @BeforeSuite configuration -->
  <testcase classname="genericPages.CommonMethod" name="@BeforeSuite configuration" time="0.0">
    <ignored/>
  </testcase> <!-- @BeforeSuite configuration -->
  <testcase classname="genericPages.CommonMethod" name="@AfterSuite closure" time="0.0">
    <ignored/>
  </testcase> <!-- @AfterSuite closure -->
  <testcase classname="genericPages.CommonMethod" name="@AfterSuite closure" time="0.0">
    <ignored/>
  </testcase> <!-- @AfterSuite closure -->
</testsuite> <!-- Medopract -->
