<?xml version="1.0" encoding="UTF-8"?>
<!-- Generated by org.testng.reporters.JUnitXMLReporter -->
<testsuite ignored="26" hostname="ASHWIN" failures="1" tests="84" name="tests" time="1290.429" errors="0" timestamp="2023-11-02T10:29:36 IST">
  <testcase classname="tests.TC__001_RegistrationTest" name="withoutMandatoryAllField" time="7.156"/>
  <testcase classname="tests.TC__001_RegistrationTest" name="Registration" time="9.357"/>
  <testcase classname="tests.TC__001_RegistrationTest" name="registerWithExistingDataAgain" time="4.969"/>
  <testcase classname="tests.TC__001_RegistrationTest" name="withoutConfirmUsernameField" time="6.518"/>
  <testcase classname="tests.TC__001_RegistrationTest" name="invalidConfirmUsernameField" time="2.336"/>
  <testcase classname="tests.TC__001_RegistrationTest" name="withoutAgreeTermCheckBox" time="5.567"/>
  <testcase classname="tests.TC__001_RegistrationTest" name="alreadyAnUser" time="2.565"/>
  <testcase classname="tests.TC__001_RegistrationTest" name="withClickHelp" time="5.301"/>
  <testcase classname="tests.TC__002_LoginTest" name="loginWithoutData" time="4.36"/>
  <testcase classname="tests.TC__002_LoginTest" name="loginWithoutPassword" time="3.301"/>
  <testcase classname="tests.TC__002_LoginTest" name="loginWithInvaliedPassword" time="6.105"/>
  <testcase classname="tests.TC__002_LoginTest" name="incorrectDetails" time="9.215"/>
  <testcase classname="tests.TC__002_LoginTest" name="loginwithoutRememberMe" time="10.608"/>
  <testcase classname="tests.TC__002_LoginTest" name="loginWithRememberMe" time="7.772"/>
  <testcase classname="tests.TC__003_ForgetPasswordTest" name="forgotpassword" time="5.821"/>
  <testcase classname="tests.TC__003_ForgetPasswordTest" name="BackLoginPage" time="2.57"/>
  <testcase classname="tests.TC__004_HomePageAppointmentTest" name="addAppointmentWithoutData" time="4.359"/>
  <testcase classname="tests.TC__004_HomePageAppointmentTest" name="addAppointmentWithoutVisitReason" time="9.955"/>
  <testcase classname="tests.TC__004_HomePageAppointmentTest" name="addAppointment" time="6.0"/>
  <testcase classname="tests.TC__004_HomePageAppointmentTest" name="addAppointmentwithoutContactNo" time="8.111"/>
  <testcase classname="tests.TC__004_HomePageAppointmentTest" name="EditExistingAppointment" time="13.631"/>
  <testcase classname="tests.TC__004_HomePageAppointmentTest" name="ClickSMSReminder" time="5.382"/>
  <testcase classname="tests.TC__004_HomePageAppointmentTest" name="ClickAgainSMSReminder" time="5.243"/>
  <testcase classname="tests.TC__004_HomePageAppointmentTest" name="CancelAppointment" time="4.903"/>
  <testcase classname="tests.TC__004_HomePageAppointmentTest" name="clickSMSRemainderWithoutProperDetails" time="12.117"/>
  <testcase classname="tests.TC__005_ToDoListTest" name="TodolistWithoutDueDate" time="10.42"/>
  <testcase classname="tests.TC__005_ToDoListTest" name="withoutTaskDetails" time="5.263"/>
  <testcase classname="tests.TC__005_ToDoListTest" name="toDoListWithDueDate" time="10.466"/>
  <testcase classname="tests.TC__005_ToDoListTest" name="CompletedTask" time="4.815"/>
  <testcase classname="tests.TC__005_ToDoListTest" name="viewCompletedTask" time="2.13"/>
  <testcase classname="tests.TC__005_ToDoListTest" name="viewOpenTask" time="2.212"/>
  <testcase classname="tests.TC__005_ToDoListTest" name="deleteTask" time="8.214"/>
  <testcase classname="tests.TC__006_AddPatientTest" name="AddPatientDataUploadFile" time="50.924"/>
  <testcase classname="tests.TC__006_AddPatientTest" name="resetPatientWithData" time="2.485"/>
  <testcase classname="tests.TC__006_AddPatientTest" name="withoutMandatoryAllData" time="5.527"/>
  <testcase classname="tests.TC__006_AddPatientTest" name="resetPatientWithoutData" time="2.179"/>
  <testcase classname="tests.TC__006_AddPatientTest" name="nameWithSpecialCharacter" time="5.052"/>
  <testcase classname="tests.TC__006_AddPatientTest" name="withIncorrectPhoneNo" time="4.692"/>
  <testcase classname="tests.TC__006_AddPatientTest" name="withIncorrectPhoneNumberWithSpace" time="11.373"/>
  <testcase classname="tests.TC__006_AddPatientTest" name="withIncorrectPhoneNoWithNumber0" time="10.524"/>
  <testcase classname="tests.TC__006_AddPatientTest" name="sameContactNoInEmergencyField" time="40.113"/>
  <testcase classname="tests.TC__007_PatientVisitTest" name="addNewPatientData" time="8.626"/>
  <testcase classname="tests.TC__007_PatientVisitTest" name="patientVisitWithPrimaryComplaintUpload" time="53.55"/>
  <testcase classname="tests.TC__007_PatientVisitTest" name="deleteFile" time="4.502"/>
  <testcase classname="tests.TC__007_PatientVisitTest" name="savePatientVisit" time="7.973"/>
  <testcase classname="tests.TC__007_PatientVisitTest" name="patientVisitWithoutPrimaryComplaint" time="15.205"/>
  <testcase classname="tests.TC__007_PatientVisitTest" name="followup" time="57.243"/>
  <testcase classname="tests.TC__008_ViewOrEditTest" name="deleteList" time="12.427"/>
  <testcase classname="tests.TC__008_ViewOrEditTest" name="updateContactField" time="23.76"/>
  <testcase classname="tests.TC__008_ViewOrEditTest" name="withoutAddressField" time="5.316"/>
  <testcase classname="tests.TC__008_ViewOrEditTest" name="cancelEdit" time="2.208"/>
  <testcase classname="tests.TC__009_AppointmentsCalenderTest" name="AddAppointmentsCalender" time="16.761"/>
  <testcase classname="tests.TC__009_AppointmentsCalenderTest" name="AddAppointmentWithoutVisitReason" time="15.402"/>
  <testcase classname="tests.TC__009_AppointmentsCalenderTest" name="addPatientWithoutContactNo" time="15.437"/>
  <testcase classname="tests.TC__009_AppointmentsCalenderTest" name="updateWithInvaliedData" time="16.515"/>
  <testcase classname="tests.TC__009_AppointmentsCalenderTest" name="updateAppointmentWithValidData" time="21.879"/>
  <testcase classname="tests.TC__009_AppointmentsCalenderTest" name="existingAppointmentInMonth" time="42.963"/>
  <testcase classname="tests.TC__009_AppointmentsCalenderTest" name="existingAppointmentInWeek" time="39.004"/>
  <testcase classname="tests.TC__009_AppointmentsCalenderTest" name="existingAppointmentInDay" time="60.576"/>
  <testcase classname="tests.TC__009_AppointmentsCalenderTest" name="agenda" time="23.094"/>
  <testcase classname="tests.TC__010_AddPrescriptionTest" name="withoutAddingMedicineField" time="14.591"/>
  <testcase classname="tests.TC__010_AddPrescriptionTest" name="addPrescription" time="15.715"/>
  <testcase classname="tests.TC__010_AddPrescriptionTest" name="printPrescription" time="8.176"/>
  <testcase classname="tests.TC__010_AddPrescriptionTest" name="downloadPrescriptionAgain" time="4.335"/>
  <testcase classname="tests.TC__010_AddPrescriptionTest" name="clickingBack" time="5.074"/>
  <testcase classname="tests.TC__010_AddPrescriptionTest" name="cancelAddedMedicineField" time="32.104"/>
  <testcase classname="tests.TC__010_AddPrescriptionTest" name="enterMedicineFieldwithoutAdding" time="8.739"/>
  <testcase classname="tests.TC__010_AddPrescriptionTest" name="withInvaliedMedicineField" time="11.509"/>
  <testcase classname="tests.TC__011_ViewPrescriptionTest" name="viewPrescription" time="15.588"/>
  <testcase classname="tests.TC__011_ViewPrescriptionTest" name="patientDetails" time="11.243"/>
  <testcase classname="tests.TC__012_AddBillTest" name="saveAndprintBill" time="33.533">
    <failure type="org.openqa.selenium.NoSuchElementException" message="no such element: Unable to locate element: {&amp;quot;method&amp;quot;:&amp;quot;xpath&amp;quot;,&amp;quot;selector&amp;quot;:&amp;quot;(//abbr[text()=&amp;apos;2&amp;apos;])[4]&amp;quot;}
  (Session info: chrome=118.0.5993.118)
For documentation on this error, please visit: https://www.selenium.dev/documentation/webdriver/troubleshooting/errors#no-such-element-exception
Build info: version: &amp;apos;4.12.0&amp;apos;, revision: &amp;apos;249f2a7d1b*&amp;apos;
System info: os.name: &amp;apos;Windows 11&amp;apos;, os.arch: &amp;apos;amd64&amp;apos;, os.version: &amp;apos;10.0&amp;apos;, java.version: &amp;apos;20.0.1&amp;apos;
Driver info: org.openqa.selenium.chrome.ChromeDriver
Command: [cc18d3cecb018c6e13d38f9f587ab5cc, findElement {using=xpath, value=(//abbr[text()=&amp;apos;2&amp;apos;])[4]}]
Capabilities {acceptInsecureCerts: false, browserName: chrome, browserVersion: 118.0.5993.118, chrome: {chromedriverVersion: 118.0.5993.70 (e52f33f30b91..., userDataDir: C:\Users\vashw\AppData\Loca...}, fedcm:accounts: true, goog:chromeOptions: {debuggerAddress: localhost:51431}, networkConnectionEnabled: false, pageLoadStrategy: normal, platformName: windows, proxy: Proxy(), se:cdp: ws://localhost:51431/devtoo..., se:cdpVersion: 118.0.5993.118, setWindowRect: true, strictFileInteractability: false, timeouts: {implicit: 0, pageLoad: 300000, script: 30000}, unhandledPromptBehavior: dismiss and notify, webauthn:extension:credBlob: true, webauthn:extension:largeBlob: true, webauthn:extension:minPinLength: true, webauthn:extension:prf: true, webauthn:virtualAuthenticators: true}
Session ID: cc18d3cecb018c6e13d38f9f587ab5cc">
      <![CDATA[org.openqa.selenium.NoSuchElementException: no such element: Unable to locate element: {"method":"xpath","selector":"(//abbr[text()='2'])[4]"}
  (Session info: chrome=118.0.5993.118)
For documentation on this error, please visit: https://www.selenium.dev/documentation/webdriver/troubleshooting/errors#no-such-element-exception
Build info: version: '4.12.0', revision: '249f2a7d1b*'
System info: os.name: 'Windows 11', os.arch: 'amd64', os.version: '10.0', java.version: '20.0.1'
Driver info: org.openqa.selenium.chrome.ChromeDriver
Command: [cc18d3cecb018c6e13d38f9f587ab5cc, findElement {using=xpath, value=(//abbr[text()='2'])[4]}]
Capabilities {acceptInsecureCerts: false, browserName: chrome, browserVersion: 118.0.5993.118, chrome: {chromedriverVersion: 118.0.5993.70 (e52f33f30b91..., userDataDir: C:\Users\vashw\AppData\Loca...}, fedcm:accounts: true, goog:chromeOptions: {debuggerAddress: localhost:51431}, networkConnectionEnabled: false, pageLoadStrategy: normal, platformName: windows, proxy: Proxy(), se:cdp: ws://localhost:51431/devtoo..., se:cdpVersion: 118.0.5993.118, setWindowRect: true, strictFileInteractability: false, timeouts: {implicit: 0, pageLoad: 300000, script: 30000}, unhandledPromptBehavior: dismiss and notify, webauthn:extension:credBlob: true, webauthn:extension:largeBlob: true, webauthn:extension:minPinLength: true, webauthn:extension:prf: true, webauthn:virtualAuthenticators: true}
Session ID: cc18d3cecb018c6e13d38f9f587ab5cc
at org.openqa.selenium.remote.codec.w3c.W3CHttpResponseCodec.createException(W3CHttpResponseCodec.java:200)
at org.openqa.selenium.remote.codec.w3c.W3CHttpResponseCodec.decode(W3CHttpResponseCodec.java:133)
at org.openqa.selenium.remote.codec.w3c.W3CHttpResponseCodec.decode(W3CHttpResponseCodec.java:52)
at org.openqa.selenium.remote.HttpCommandExecutor.execute(HttpCommandExecutor.java:191)
at org.openqa.selenium.remote.service.DriverCommandExecutor.invokeExecute(DriverCommandExecutor.java:196)
at org.openqa.selenium.remote.service.DriverCommandExecutor.execute(DriverCommandExecutor.java:171)
at org.openqa.selenium.remote.RemoteWebDriver.execute(RemoteWebDriver.java:602)
at org.openqa.selenium.remote.ElementLocation$ElementFinder$2.findElement(ElementLocation.java:165)
at org.openqa.selenium.remote.ElementLocation.findElement(ElementLocation.java:59)
at org.openqa.selenium.remote.RemoteWebDriver.findElement(RemoteWebDriver.java:359)
at org.openqa.selenium.remote.RemoteWebDriver.findElement(RemoteWebDriver.java:353)
at tests.TC__012_AddBillTest.saveAndprintBill(TC__012_AddBillTest.java:121)
at java.base/java.util.ArrayList.forEach(ArrayList.java:1511)
... Removed 28 stack frames]]>
    </failure>
  </testcase> <!-- saveAndprintBill -->
  <testcase classname="tests.TC__012_AddBillTest" name="clickResetBtn" time="12.167"/>
  <testcase classname="tests.TC__012_AddBillTest" name="printWithoutAddingBillingItem" time="12.343"/>
  <testcase classname="tests.TC__012_AddBillTest" name="addingIncorrectBillItemDetails" time="22.653"/>
  <testcase classname="tests.TC__012_AddBillTest" name="printBill" time="16.021"/>
  <testcase classname="tests.TC__012_AddBillTest" name="downloadBill" time="9.231"/>
  <testcase classname="tests.TC__013_ViewBillTest" name="viewBill" time="13.205"/>
  <testcase classname="tests.TC__013_ViewBillTest" name="printBill" time="6.147"/>
  <testcase classname="tests.TC__013_ViewBillTest" name="downloadBill" time="6.446"/>
  <testcase classname="tests.TC__013_ViewBillTest" name="goToPatientDetails" time="11.184"/>
  <testcase classname="tests.TC__014_ReportsTest" name="PatientsTab" time="21.19"/>
  <testcase classname="tests.TC__014_ReportsTest" name="AddPatient" time="44.868"/>
  <testcase classname="tests.TC__014_ReportsTest" name="dateView" time="2.344"/>
  <testcase classname="tests.TC__014_ReportsTest" name="cancel" time="2.209"/>
  <testcase classname="genericPages.CommonMethod" name="@BeforeSuite configuration" time="0.0">
    <ignored/>
  </testcase> <!-- @BeforeSuite configuration -->
  <testcase classname="genericPages.CommonMethod" name="@BeforeSuite configuration" time="0.0">
    <ignored/>
  </testcase> <!-- @BeforeSuite configuration -->
  <testcase classname="genericPages.CommonMethod" name="@AfterSuite closure" time="0.0">
    <ignored/>
  </testcase> <!-- @AfterSuite closure -->
  <testcase classname="genericPages.CommonMethod" name="@AfterSuite closure" time="0.0">
    <ignored/>
  </testcase> <!-- @AfterSuite closure -->
  <testcase classname="genericPages.CommonMethod" name="@AfterSuite closure" time="0.0">
    <ignored/>
  </testcase> <!-- @AfterSuite closure -->
  <testcase classname="genericPages.CommonMethod" name="@BeforeSuite configuration" time="0.0">
    <ignored/>
  </testcase> <!-- @BeforeSuite configuration -->
  <testcase classname="genericPages.CommonMethod" name="@BeforeSuite configuration" time="0.0">
    <ignored/>
  </testcase> <!-- @BeforeSuite configuration -->
  <testcase classname="genericPages.CommonMethod" name="@AfterSuite closure" time="0.0">
    <ignored/>
  </testcase> <!-- @AfterSuite closure -->
  <testcase classname="genericPages.CommonMethod" name="@AfterSuite closure" time="0.0">
    <ignored/>
  </testcase> <!-- @AfterSuite closure -->
  <testcase classname="genericPages.CommonMethod" name="@BeforeSuite configuration" time="0.0">
    <ignored/>
  </testcase> <!-- @BeforeSuite configuration -->
  <testcase classname="genericPages.CommonMethod" name="@AfterSuite closure" time="0.0">
    <ignored/>
  </testcase> <!-- @AfterSuite closure -->
  <testcase classname="genericPages.CommonMethod" name="@BeforeSuite configuration" time="0.0">
    <ignored/>
  </testcase> <!-- @BeforeSuite configuration -->
  <testcase classname="genericPages.CommonMethod" name="@BeforeSuite configuration" time="0.0">
    <ignored/>
  </testcase> <!-- @BeforeSuite configuration -->
  <testcase classname="genericPages.CommonMethod" name="@AfterSuite closure" time="0.0">
    <ignored/>
  </testcase> <!-- @AfterSuite closure -->
  <testcase classname="genericPages.CommonMethod" name="@AfterSuite closure" time="0.0">
    <ignored/>
  </testcase> <!-- @AfterSuite closure -->
  <testcase classname="genericPages.CommonMethod" name="@AfterSuite closure" time="0.0">
    <ignored/>
  </testcase> <!-- @AfterSuite closure -->
  <testcase classname="genericPages.CommonMethod" name="@BeforeSuite configuration" time="0.0">
    <ignored/>
  </testcase> <!-- @BeforeSuite configuration -->
  <testcase classname="genericPages.CommonMethod" name="@AfterSuite closure" time="0.0">
    <ignored/>
  </testcase> <!-- @AfterSuite closure -->
  <testcase classname="genericPages.CommonMethod" name="@BeforeSuite configuration" time="0.0">
    <ignored/>
  </testcase> <!-- @BeforeSuite configuration -->
  <testcase classname="genericPages.CommonMethod" name="@AfterSuite closure" time="0.0">
    <ignored/>
  </testcase> <!-- @AfterSuite closure -->
  <testcase classname="genericPages.CommonMethod" name="@AfterSuite closure" time="0.0">
    <ignored/>
  </testcase> <!-- @AfterSuite closure -->
  <testcase classname="genericPages.CommonMethod" name="@AfterSuite closure" time="0.0">
    <ignored/>
  </testcase> <!-- @AfterSuite closure -->
  <testcase classname="genericPages.CommonMethod" name="@BeforeSuite configuration" time="0.0">
    <ignored/>
  </testcase> <!-- @BeforeSuite configuration -->
  <testcase classname="genericPages.CommonMethod" name="@BeforeSuite configuration" time="0.0">
    <ignored/>
  </testcase> <!-- @BeforeSuite configuration -->
  <testcase classname="genericPages.CommonMethod" name="@BeforeSuite configuration" time="0.0">
    <ignored/>
  </testcase> <!-- @BeforeSuite configuration -->
  <testcase classname="genericPages.CommonMethod" name="@BeforeSuite configuration" time="0.0">
    <ignored/>
  </testcase> <!-- @BeforeSuite configuration -->
</testsuite> <!-- tests -->
